This file contains any messages produced by compilers while
running configure, to aid debugging if configure makes a mistake.

It was created by mpfi configure 1.5.4, which was
generated by GNU Autoconf 2.69.  Invocation command line was

  $ ./configure 

## --------- ##
## Platform. ##
## --------- ##

hostname = biberdeMacBook-Pro.local
uname -m = x86_64
uname -r = 20.5.0
uname -s = Darwin
uname -v = Darwin Kernel Version 20.5.0: Sat May  8 05:10:33 PDT 2021; root:xnu-7195.121.3~9/RELEASE_X86_64

/usr/bin/uname -p = i386
/bin/uname -X     = unknown

/bin/arch              = unknown
/usr/bin/arch -k       = unknown
/usr/convex/getsysinfo = unknown
/usr/bin/hostinfo      = Mach kernel version:
	 Darwin Kernel Version 20.5.0: Sat May  8 05:10:33 PDT 2021; root:xnu-7195.121.3~9/RELEASE_X86_64
Kernel configured for up to 8 processors.
4 processors are physically available.
8 processors are logically available.
Processor type: x86_64h (Intel x86-64h Haswell)
Processors active: 0 1 2 3 4 5 6 7
Primary memory available: 16.00 gigabytes
Default processor set: 650 tasks, 2883 threads, 8 processors
Load average: 1.60, Mach factor: 6.38
/bin/machine           = unknown
/usr/bin/oslevel       = unknown
/bin/universe          = unknown

PATH: /Users/biber/.opam/4.12.0/bin
PATH: /Users/biber/Downloads/lustre-v4-III-c-macosx/bin
PATH: /usr/local/bin
PATH: /Users/biber/miniconda3/bin
PATH: /opt/local/bin
PATH: /opt/local/sbin
PATH: /usr/local/bin
PATH: /usr/bin
PATH: /bin
PATH: /usr/sbin
PATH: /sbin
PATH: /opt/X11/bin
PATH: /Library/Apple/usr/bin
PATH: /Users/biber/Downloads/lustre-v4-III-c-macosx/esterelv5_21.linux/bin


## ----------- ##
## Core tests. ##
## ----------- ##

configure:2372: checking for gcc
configure:2388: found /usr/bin/gcc
configure:2399: result: gcc
configure:2628: checking for C compiler version
configure:2637: gcc --version >&5
Apple clang version 12.0.5 (clang-1205.0.22.11)
Target: x86_64-apple-darwin20.5.0
Thread model: posix
InstalledDir: /Applications/Xcode.app/Contents/Developer/Toolchains/XcodeDefault.xctoolchain/usr/bin
Configured with: --prefix=/Applications/Xcode.app/Contents/Developer/usr --with-gxx-include-dir=/Applications/Xcode.app/Contents/Developer/Platforms/MacOSX.platform/Developer/SDKs/MacOSX.sdk/usr/include/c++/4.2.1
configure:2648: $? = 0
configure:2637: gcc -v >&5
Configured with: --prefix=/Applications/Xcode.app/Contents/Developer/usr --with-gxx-include-dir=/Applications/Xcode.app/Contents/Developer/Platforms/MacOSX.platform/Developer/SDKs/MacOSX.sdk/usr/include/c++/4.2.1
Apple clang version 12.0.5 (clang-1205.0.22.11)
Target: x86_64-apple-darwin20.5.0
Thread model: posix
InstalledDir: /Applications/Xcode.app/Contents/Developer/Toolchains/XcodeDefault.xctoolchain/usr/bin
configure:2648: $? = 0
configure:2637: gcc -V >&5
clang: error: argument to '-V' is missing (expected 1 value)
clang: error: no input files
configure:2648: $? = 1
configure:2637: gcc -qversion >&5
clang: error: unknown argument '-qversion'; did you mean '--version'?
clang: error: no input files
configure:2648: $? = 1
configure:2668: checking whether the C compiler works
configure:2690: gcc  -I/usr/local/opt/openssl@1.1/include -L/usr/local/opt/openssl@1.1/lib conftest.c  >&5
configure:2694: $? = 0
configure:2742: result: yes
configure:2745: checking for C compiler default output file name
configure:2747: result: a.out
configure:2753: checking for suffix of executables
configure:2760: gcc -o conftest  -I/usr/local/opt/openssl@1.1/include -L/usr/local/opt/openssl@1.1/lib conftest.c  >&5
configure:2764: $? = 0
configure:2786: result: 
configure:2808: checking whether we are cross compiling
configure:2816: gcc -o conftest  -I/usr/local/opt/openssl@1.1/include -L/usr/local/opt/openssl@1.1/lib conftest.c  >&5
configure:2820: $? = 0
configure:2827: ./conftest
configure:2831: $? = 0
configure:2846: result: no
configure:2851: checking for suffix of object files
configure:2873: gcc -c  -I/usr/local/opt/openssl@1.1/include conftest.c >&5
configure:2877: $? = 0
configure:2898: result: o
configure:2902: checking whether we are using the GNU C compiler
configure:2921: gcc -c  -I/usr/local/opt/openssl@1.1/include conftest.c >&5
configure:2921: $? = 0
configure:2930: result: yes
configure:2939: checking whether gcc accepts -g
configure:2959: gcc -c -g -I/usr/local/opt/openssl@1.1/include conftest.c >&5
configure:2959: $? = 0
configure:3000: result: yes
configure:3017: checking for gcc option to accept ISO C89
configure:3080: gcc  -c -g -O2 -I/usr/local/opt/openssl@1.1/include conftest.c >&5
configure:3080: $? = 0
configure:3093: result: none needed
configure:3118: checking whether gcc understands -c and -o together
configure:3140: gcc -c conftest.c -o conftest2.o
configure:3143: $? = 0
configure:3140: gcc -c conftest.c -o conftest2.o
configure:3143: $? = 0
configure:3155: result: yes
configure:3178: checking how to run the C preprocessor
configure:3209: gcc -E -I/usr/local/opt/openssl@1.1/include conftest.c
configure:3209: $? = 0
configure:3223: gcc -E -I/usr/local/opt/openssl@1.1/include conftest.c
conftest.c:9:10: fatal error: 'ac_nonexistent.h' file not found
#include <ac_nonexistent.h>
         ^~~~~~~~~~~~~~~~~~
1 error generated.
configure:3223: $? = 1
configure: failed program was:
| /* confdefs.h */
| #define PACKAGE_NAME "mpfi"
| #define PACKAGE_TARNAME "mpfi"
| #define PACKAGE_VERSION "1.5.4"
| #define PACKAGE_STRING "mpfi 1.5.4"
| #define PACKAGE_BUGREPORT "mpfi-users@lists.gforge.inria.fr"
| #define PACKAGE_URL "https://gforge.inria.fr/projects/mpfi/"
| /* end confdefs.h.  */
| #include <ac_nonexistent.h>
configure:3248: result: gcc -E
configure:3268: gcc -E -I/usr/local/opt/openssl@1.1/include conftest.c
configure:3268: $? = 0
configure:3282: gcc -E -I/usr/local/opt/openssl@1.1/include conftest.c
conftest.c:9:10: fatal error: 'ac_nonexistent.h' file not found
#include <ac_nonexistent.h>
         ^~~~~~~~~~~~~~~~~~
1 error generated.
configure:3282: $? = 1
configure: failed program was:
| /* confdefs.h */
| #define PACKAGE_NAME "mpfi"
| #define PACKAGE_TARNAME "mpfi"
| #define PACKAGE_VERSION "1.5.4"
| #define PACKAGE_STRING "mpfi 1.5.4"
| #define PACKAGE_BUGREPORT "mpfi-users@lists.gforge.inria.fr"
| #define PACKAGE_URL "https://gforge.inria.fr/projects/mpfi/"
| /* end confdefs.h.  */
| #include <ac_nonexistent.h>
configure:3311: checking for grep that handles long lines and -e
configure:3369: result: /usr/bin/grep
configure:3374: checking for egrep
configure:3436: result: /usr/bin/grep -E
configure:3441: checking for ANSI C header files
configure:3461: gcc -c -g -O2 -I/usr/local/opt/openssl@1.1/include conftest.c >&5
configure:3461: $? = 0
configure:3534: gcc -o conftest -g -O2 -I/usr/local/opt/openssl@1.1/include -L/usr/local/opt/openssl@1.1/lib conftest.c  >&5
configure:3534: $? = 0
configure:3534: ./conftest
configure:3534: $? = 0
configure:3545: result: yes
configure:3558: checking for sys/types.h
configure:3558: gcc -c -g -O2 -I/usr/local/opt/openssl@1.1/include conftest.c >&5
configure:3558: $? = 0
configure:3558: result: yes
configure:3558: checking for sys/stat.h
configure:3558: gcc -c -g -O2 -I/usr/local/opt/openssl@1.1/include conftest.c >&5
configure:3558: $? = 0
configure:3558: result: yes
configure:3558: checking for stdlib.h
configure:3558: gcc -c -g -O2 -I/usr/local/opt/openssl@1.1/include conftest.c >&5
configure:3558: $? = 0
configure:3558: result: yes
configure:3558: checking for string.h
configure:3558: gcc -c -g -O2 -I/usr/local/opt/openssl@1.1/include conftest.c >&5
configure:3558: $? = 0
configure:3558: result: yes
configure:3558: checking for memory.h
configure:3558: gcc -c -g -O2 -I/usr/local/opt/openssl@1.1/include conftest.c >&5
configure:3558: $? = 0
configure:3558: result: yes
configure:3558: checking for strings.h
configure:3558: gcc -c -g -O2 -I/usr/local/opt/openssl@1.1/include conftest.c >&5
configure:3558: $? = 0
configure:3558: result: yes
configure:3558: checking for inttypes.h
configure:3558: gcc -c -g -O2 -I/usr/local/opt/openssl@1.1/include conftest.c >&5
configure:3558: $? = 0
configure:3558: result: yes
configure:3558: checking for stdint.h
configure:3558: gcc -c -g -O2 -I/usr/local/opt/openssl@1.1/include conftest.c >&5
configure:3558: $? = 0
configure:3558: result: yes
configure:3558: checking for unistd.h
configure:3558: gcc -c -g -O2 -I/usr/local/opt/openssl@1.1/include conftest.c >&5
configure:3558: $? = 0
configure:3558: result: yes
configure:3571: checking minix/config.h usability
configure:3571: gcc -c -g -O2 -I/usr/local/opt/openssl@1.1/include conftest.c >&5
conftest.c:52:10: fatal error: 'minix/config.h' file not found
#include <minix/config.h>
         ^~~~~~~~~~~~~~~~
1 error generated.
configure:3571: $? = 1
configure: failed program was:
| /* confdefs.h */
| #define PACKAGE_NAME "mpfi"
| #define PACKAGE_TARNAME "mpfi"
| #define PACKAGE_VERSION "1.5.4"
| #define PACKAGE_STRING "mpfi 1.5.4"
| #define PACKAGE_BUGREPORT "mpfi-users@lists.gforge.inria.fr"
| #define PACKAGE_URL "https://gforge.inria.fr/projects/mpfi/"
| #define STDC_HEADERS 1
| #define HAVE_SYS_TYPES_H 1
| #define HAVE_SYS_STAT_H 1
| #define HAVE_STDLIB_H 1
| #define HAVE_STRING_H 1
| #define HAVE_MEMORY_H 1
| #define HAVE_STRINGS_H 1
| #define HAVE_INTTYPES_H 1
| #define HAVE_STDINT_H 1
| #define HAVE_UNISTD_H 1
| /* end confdefs.h.  */
| #include <stdio.h>
| #ifdef HAVE_SYS_TYPES_H
| # include <sys/types.h>
| #endif
| #ifdef HAVE_SYS_STAT_H
| # include <sys/stat.h>
| #endif
| #ifdef STDC_HEADERS
| # include <stdlib.h>
| # include <stddef.h>
| #else
| # ifdef HAVE_STDLIB_H
| #  include <stdlib.h>
| # endif
| #endif
| #ifdef HAVE_STRING_H
| # if !defined STDC_HEADERS && defined HAVE_MEMORY_H
| #  include <memory.h>
| # endif
| # include <string.h>
| #endif
| #ifdef HAVE_STRINGS_H
| # include <strings.h>
| #endif
| #ifdef HAVE_INTTYPES_H
| # include <inttypes.h>
| #endif
| #ifdef HAVE_STDINT_H
| # include <stdint.h>
| #endif
| #ifdef HAVE_UNISTD_H
| # include <unistd.h>
| #endif
| #include <minix/config.h>
configure:3571: result: no
configure:3571: checking minix/config.h presence
configure:3571: gcc -E -I/usr/local/opt/openssl@1.1/include conftest.c
conftest.c:19:10: fatal error: 'minix/config.h' file not found
#include <minix/config.h>
         ^~~~~~~~~~~~~~~~
1 error generated.
configure:3571: $? = 1
configure: failed program was:
| /* confdefs.h */
| #define PACKAGE_NAME "mpfi"
| #define PACKAGE_TARNAME "mpfi"
| #define PACKAGE_VERSION "1.5.4"
| #define PACKAGE_STRING "mpfi 1.5.4"
| #define PACKAGE_BUGREPORT "mpfi-users@lists.gforge.inria.fr"
| #define PACKAGE_URL "https://gforge.inria.fr/projects/mpfi/"
| #define STDC_HEADERS 1
| #define HAVE_SYS_TYPES_H 1
| #define HAVE_SYS_STAT_H 1
| #define HAVE_STDLIB_H 1
| #define HAVE_STRING_H 1
| #define HAVE_MEMORY_H 1
| #define HAVE_STRINGS_H 1
| #define HAVE_INTTYPES_H 1
| #define HAVE_STDINT_H 1
| #define HAVE_UNISTD_H 1
| /* end confdefs.h.  */
| #include <minix/config.h>
configure:3571: result: no
configure:3571: checking for minix/config.h
configure:3571: result: no
configure:3592: checking whether it is safe to define __EXTENSIONS__
configure:3610: gcc -c -g -O2 -I/usr/local/opt/openssl@1.1/include conftest.c >&5
configure:3610: $? = 0
configure:3617: result: yes
configure:3647: checking for a BSD-compatible install
configure:3715: result: /usr/bin/install -c
configure:3726: checking whether build environment is sane
configure:3781: result: yes
configure:3929: checking for a thread-safe mkdir -p
configure:3968: result: build-aux/install-sh -c -d
configure:3975: checking for gawk
configure:4005: result: no
configure:3975: checking for mawk
configure:4005: result: no
configure:3975: checking for nawk
configure:4005: result: no
configure:3975: checking for awk
configure:3991: found /usr/bin/awk
configure:4002: result: awk
configure:4013: checking whether make sets $(MAKE)
configure:4035: result: yes
configure:4057: checking whether make supports the include directive
configure:4072: make -f confmf.GNU && cat confinc.out
this is the am__doit target
configure:4075: $? = 0
configure:4094: result: yes (GNU style)
configure:4127: checking whether make supports nested variables
configure:4144: result: yes
configure:4229: checking dependency style of gcc
configure:4340: result: gcc3
configure:4409: checking whether make supports nested variables
configure:4426: result: yes
configure:4438: checking whether to enable maintainer-specific portions of Makefiles
configure:4447: result: no
configure:4567: checking for gcc
configure:4594: result: gcc
configure:4823: checking for C compiler version
configure:4832: gcc --version >&5
Apple clang version 12.0.5 (clang-1205.0.22.11)
Target: x86_64-apple-darwin20.5.0
Thread model: posix
InstalledDir: /Applications/Xcode.app/Contents/Developer/Toolchains/XcodeDefault.xctoolchain/usr/bin
Configured with: --prefix=/Applications/Xcode.app/Contents/Developer/usr --with-gxx-include-dir=/Applications/Xcode.app/Contents/Developer/Platforms/MacOSX.platform/Developer/SDKs/MacOSX.sdk/usr/include/c++/4.2.1
configure:4843: $? = 0
configure:4832: gcc -v >&5
Configured with: --prefix=/Applications/Xcode.app/Contents/Developer/usr --with-gxx-include-dir=/Applications/Xcode.app/Contents/Developer/Platforms/MacOSX.platform/Developer/SDKs/MacOSX.sdk/usr/include/c++/4.2.1
Apple clang version 12.0.5 (clang-1205.0.22.11)
Target: x86_64-apple-darwin20.5.0
Thread model: posix
InstalledDir: /Applications/Xcode.app/Contents/Developer/Toolchains/XcodeDefault.xctoolchain/usr/bin
configure:4843: $? = 0
configure:4832: gcc -V >&5
clang: error: argument to '-V' is missing (expected 1 value)
clang: error: no input files
configure:4843: $? = 1
configure:4832: gcc -qversion >&5
clang: error: unknown argument '-qversion'; did you mean '--version'?
clang: error: no input files
configure:4843: $? = 1
configure:4847: checking whether we are using the GNU C compiler
configure:4875: result: yes
configure:4884: checking whether gcc accepts -g
configure:4945: result: yes
configure:4962: checking for gcc option to accept ISO C89
configure:5038: result: none needed
configure:5063: checking whether gcc understands -c and -o together
configure:5100: result: yes
configure:5122: checking how to run the C preprocessor
configure:5192: result: gcc -E
configure:5212: gcc -E -I/usr/local/opt/openssl@1.1/include conftest.c
configure:5212: $? = 0
configure:5226: gcc -E -I/usr/local/opt/openssl@1.1/include conftest.c
conftest.c:26:10: fatal error: 'ac_nonexistent.h' file not found
#include <ac_nonexistent.h>
         ^~~~~~~~~~~~~~~~~~
1 error generated.
configure:5226: $? = 1
configure: failed program was:
| /* confdefs.h */
| #define PACKAGE_NAME "mpfi"
| #define PACKAGE_TARNAME "mpfi"
| #define PACKAGE_VERSION "1.5.4"
| #define PACKAGE_STRING "mpfi 1.5.4"
| #define PACKAGE_BUGREPORT "mpfi-users@lists.gforge.inria.fr"
| #define PACKAGE_URL "https://gforge.inria.fr/projects/mpfi/"
| #define STDC_HEADERS 1
| #define HAVE_SYS_TYPES_H 1
| #define HAVE_SYS_STAT_H 1
| #define HAVE_STDLIB_H 1
| #define HAVE_STRING_H 1
| #define HAVE_MEMORY_H 1
| #define HAVE_STRINGS_H 1
| #define HAVE_INTTYPES_H 1
| #define HAVE_STDINT_H 1
| #define HAVE_UNISTD_H 1
| #define __EXTENSIONS__ 1
| #define _ALL_SOURCE 1
| #define _GNU_SOURCE 1
| #define _POSIX_PTHREAD_SEMANTICS 1
| #define _TANDEM_SOURCE 1
| #define PACKAGE "mpfi"
| #define VERSION "1.5.4"
| /* end confdefs.h.  */
| #include <ac_nonexistent.h>
configure:5255: checking whether ln -s works
configure:5259: result: yes
configure:5266: checking whether make sets $(MAKE)
configure:5288: result: yes
configure:5346: checking for ar
configure:5362: found /usr/bin/ar
configure:5373: result: ar
configure:5399: checking the archiver (ar) interface
configure:5415: gcc -c -g -O2 -I/usr/local/opt/openssl@1.1/include conftest.c >&5
configure:5415: $? = 0
configure:5417: ar cru libconftest.a conftest.o >&5
configure:5420: $? = 0
configure:5448: result: ar
configure:5497: checking build system type
configure:5511: result: x86_64-apple-darwin20.5.0
configure:5531: checking host system type
configure:5544: result: x86_64-apple-darwin20.5.0
configure:5585: checking how to print strings
configure:5612: result: printf
configure:5633: checking for a sed that does not truncate output
configure:5697: result: /usr/bin/sed
configure:5715: checking for fgrep
configure:5777: result: /usr/bin/grep -F
configure:5812: checking for ld used by gcc
configure:5879: result: /Applications/Xcode.app/Contents/Developer/Toolchains/XcodeDefault.xctoolchain/usr/bin/ld
configure:5886: checking if the linker (/Applications/Xcode.app/Contents/Developer/Toolchains/XcodeDefault.xctoolchain/usr/bin/ld) is GNU ld
configure:5901: result: no
configure:5913: checking for BSD- or MS-compatible name lister (nm)
configure:5967: result: /usr/bin/nm -B
configure:6097: checking the name lister (/usr/bin/nm -B) interface
configure:6104: gcc -c -g -O2 -I/usr/local/opt/openssl@1.1/include conftest.c >&5
configure:6107: /usr/bin/nm -B "conftest.o"
configure:6110: output
0000000000000248 S _some_variable
configure:6117: result: BSD nm
configure:6121: checking the maximum length of command line arguments
configure:6252: result: 786432
configure:6300: checking how to convert x86_64-apple-darwin20.5.0 file names to x86_64-apple-darwin20.5.0 format
configure:6340: result: func_convert_file_noop
configure:6347: checking how to convert x86_64-apple-darwin20.5.0 file names to toolchain format
configure:6367: result: func_convert_file_noop
configure:6374: checking for /Applications/Xcode.app/Contents/Developer/Toolchains/XcodeDefault.xctoolchain/usr/bin/ld option to reload object files
configure:6381: result: -r
configure:6455: checking for objdump
configure:6471: found /usr/bin/objdump
configure:6482: result: objdump
configure:6514: checking how to recognize dependent libraries
configure:6714: result: pass_all
configure:6799: checking for dlltool
configure:6829: result: no
configure:6859: checking how to associate runtime and link libraries
configure:6886: result: printf %s\n
configure:7010: checking for archiver @FILE support
configure:7027: gcc -c -g -O2 -I/usr/local/opt/openssl@1.1/include conftest.c >&5
configure:7027: $? = 0
configure:7030: ar cru libconftest.a @conftest.lst >&5
ar: @conftest.lst: No such file or directory
configure:7033: $? = 1
configure:7053: result: no
configure:7111: checking for strip
configure:7127: found /usr/bin/strip
configure:7138: result: strip
configure:7210: checking for ranlib
configure:7226: found /usr/bin/ranlib
configure:7237: result: ranlib
configure:7339: checking command to parse /usr/bin/nm -B output from gcc object
configure:7492: gcc -c -g -O2 -I/usr/local/opt/openssl@1.1/include conftest.c >&5
configure:7495: $? = 0
configure:7499: /usr/bin/nm -B conftest.o \| sed -n -e 's/^.*[ ]\([BCDEGRST][BCDEGRST]*\)[ ][ ]*\([_A-Za-z][_A-Za-z0-9]*\)$/\1 \2 \2/p' | sed '/ __gnu_lto/d' \> conftest.nm
configure:7502: $? = 0
cannot find nm_test_var in conftest.nm
configure:7492: gcc -c -g -O2 -I/usr/local/opt/openssl@1.1/include conftest.c >&5
configure:7495: $? = 0
configure:7499: /usr/bin/nm -B conftest.o \| sed -n -e 's/^.*[ ]\([BCDEGRST][BCDEGRST]*\)[ ][ ]*_\([_A-Za-z][_A-Za-z0-9]*\)$/\1 _\2 \2/p' | sed '/ __gnu_lto/d' \> conftest.nm
configure:7502: $? = 0
configure:7568: gcc -o conftest -g -O2 -I/usr/local/opt/openssl@1.1/include -L/usr/local/opt/openssl@1.1/lib conftest.c conftstm.o >&5
warning: (x86_64)  could not find object file symbol for symbol _main
configure:7571: $? = 0
configure:7609: result: ok
configure:7656: checking for sysroot
configure:7686: result: no
configure:7693: checking for a working dd
configure:7731: result: /bin/dd
configure:7735: checking how to truncate binary pipes
configure:7750: result: /bin/dd bs=4096 count=1
configure:8079: checking for mt
configure:8109: result: no
configure:8129: checking if : is a manifest tool
configure:8135: : '-?'
configure:8143: result: no
configure:8199: checking for dsymutil
configure:8215: found /usr/bin/dsymutil
configure:8226: result: dsymutil
configure:8291: checking for nmedit
configure:8307: found /usr/bin/nmedit
configure:8318: result: nmedit
configure:8383: checking for lipo
configure:8399: found /usr/bin/lipo
configure:8410: result: lipo
configure:8475: checking for otool
configure:8491: found /usr/bin/otool
configure:8502: result: otool
configure:8567: checking for otool64
configure:8597: result: no
configure:8642: checking for -single_module linker flag
gcc -g -O2 -L/usr/local/opt/openssl@1.1/lib -o libconftest.dylib -dynamiclib -Wl,-single_module conftest.c
configure:8675: result: yes
configure:8678: checking for -exported_symbols_list linker flag
configure:8698: gcc -o conftest -g -O2 -I/usr/local/opt/openssl@1.1/include -L/usr/local/opt/openssl@1.1/lib -Wl,-exported_symbols_list,conftest.sym conftest.c  >&5
configure:8698: $? = 0
configure:8708: result: yes
configure:8711: checking for -force_load linker flag
gcc -g -O2 -c -o conftest.o conftest.c
ar cru libconftest.a conftest.o
ranlib libconftest.a
gcc -g -O2 -L/usr/local/opt/openssl@1.1/lib -o conftest conftest.c -Wl,-force_load,./libconftest.a
configure:8743: result: yes
configure:8817: checking for dlfcn.h
configure:8817: gcc -c -g -O2 -I/usr/local/opt/openssl@1.1/include conftest.c >&5
configure:8817: $? = 0
configure:8817: result: yes
configure:9073: checking for objdir
configure:9088: result: .libs
configure:9352: checking if gcc supports -fno-rtti -fno-exceptions
configure:9370: gcc -c -g -O2 -I/usr/local/opt/openssl@1.1/include -fno-rtti -fno-exceptions conftest.c >&5
configure:9374: $? = 0
configure:9387: result: yes
configure:9745: checking for gcc option to produce PIC
configure:9752: result: -fno-common -DPIC
configure:9760: checking if gcc PIC flag -fno-common -DPIC works
configure:9778: gcc -c -g -O2 -I/usr/local/opt/openssl@1.1/include -fno-common -DPIC -DPIC conftest.c >&5
configure:9782: $? = 0
configure:9795: result: yes
configure:9824: checking if gcc static flag -static works
configure:9852: result: no
configure:9867: checking if gcc supports -c -o file.o
configure:9888: gcc -c -g -O2 -I/usr/local/opt/openssl@1.1/include -o out/conftest2.o conftest.c >&5
configure:9892: $? = 0
configure:9914: result: yes
configure:9922: checking if gcc supports -c -o file.o
configure:9969: result: yes
configure:10002: checking whether the gcc linker (/Applications/Xcode.app/Contents/Developer/Toolchains/XcodeDefault.xctoolchain/usr/bin/ld) supports shared libraries
configure:11261: result: yes
configure:11501: checking dynamic linker characteristics
configure:12319: result: darwin20.5.0 dyld
configure:12441: checking how to hardcode library paths into programs
configure:12466: result: immediate
configure:13014: checking whether stripping libraries is possible
configure:13028: result: yes
configure:13054: checking if libtool supports shared libraries
configure:13056: result: yes
configure:13059: checking whether to build shared libraries
configure:13084: result: yes
configure:13087: checking whether to build static libraries
configure:13091: result: yes
configure:13130: checking for gmp.h
configure:13138: gcc -c -g -O2 -I/usr/local/opt/openssl@1.1/include conftest.c >&5
configure:13138: $? = 0
configure:13139: result: yes
configure:13150: checking for __gmpz_init in -lgmp
configure:13175: gcc -o conftest -g -O2 -I/usr/local/opt/openssl@1.1/include -L/usr/local/opt/openssl@1.1/lib conftest.c -lgmp   >&5
configure:13175: $? = 0
configure:13184: result: yes
configure:13193: checking for valid GMP
configure:13211: gcc -c -g -O2 -I/usr/local/opt/openssl@1.1/include conftest.c >&5
configure:13211: $? = 0
configure:13212: result: yes
configure:13223: checking for mpfr.h
configure:13231: gcc -c -g -O2 -I/usr/local/opt/openssl@1.1/include conftest.c >&5
configure:13231: $? = 0
configure:13232: result: yes
configure:13243: checking for mpfr_init in -lmpfr
configure:13268: gcc -o conftest -g -O2 -I/usr/local/opt/openssl@1.1/include -L/usr/local/opt/openssl@1.1/lib conftest.c -lmpfr  -lgmp  >&5
configure:13268: $? = 0
configure:13277: result: yes
configure:13286: checking for valid MPFR
configure:13304: gcc -c -g -O2 -I/usr/local/opt/openssl@1.1/include conftest.c >&5
configure:13304: $? = 0
configure:13305: result: yes
configure:13320: checking float.h usability
configure:13320: gcc -c -g -O2 -I/usr/local/opt/openssl@1.1/include conftest.c >&5
configure:13320: $? = 0
configure:13320: result: yes
configure:13320: checking float.h presence
configure:13320: gcc -E -I/usr/local/opt/openssl@1.1/include conftest.c
configure:13320: $? = 0
configure:13320: result: yes
configure:13320: checking for float.h
configure:13320: result: yes
configure:13320: checking limits.h usability
configure:13320: gcc -c -g -O2 -I/usr/local/opt/openssl@1.1/include conftest.c >&5
configure:13320: $? = 0
configure:13320: result: yes
configure:13320: checking limits.h presence
configure:13320: gcc -E -I/usr/local/opt/openssl@1.1/include conftest.c
configure:13320: $? = 0
configure:13320: result: yes
configure:13320: checking for limits.h
configure:13320: result: yes
configure:13320: checking for stdlib.h
configure:13320: result: yes
configure:13320: checking for string.h
configure:13320: result: yes
configure:13320: checking sys/time.h usability
configure:13320: gcc -c -g -O2 -I/usr/local/opt/openssl@1.1/include conftest.c >&5
configure:13320: $? = 0
configure:13320: result: yes
configure:13320: checking sys/time.h presence
configure:13320: gcc -E -I/usr/local/opt/openssl@1.1/include conftest.c
configure:13320: $? = 0
configure:13320: result: yes
configure:13320: checking for sys/time.h
configure:13320: result: yes
configure:13320: checking for unistd.h
configure:13320: result: yes
configure:13330: checking stdarg.h usability
configure:13330: gcc -c -g -O2 -I/usr/local/opt/openssl@1.1/include conftest.c >&5
configure:13330: $? = 0
configure:13330: result: yes
configure:13330: checking stdarg.h presence
configure:13330: gcc -E -I/usr/local/opt/openssl@1.1/include conftest.c
configure:13330: $? = 0
configure:13330: result: yes
configure:13330: checking for stdarg.h
configure:13330: result: yes
configure:13349: checking for size_t
configure:13349: gcc -c -g -O2 -I/usr/local/opt/openssl@1.1/include conftest.c >&5
configure:13349: $? = 0
configure:13349: gcc -c -g -O2 -I/usr/local/opt/openssl@1.1/include conftest.c >&5
conftest.c:71:21: error: expected expression
if (sizeof ((size_t)))
                    ^
1 error generated.
configure:13349: $? = 1
configure: failed program was:
| /* confdefs.h */
| #define PACKAGE_NAME "mpfi"
| #define PACKAGE_TARNAME "mpfi"
| #define PACKAGE_VERSION "1.5.4"
| #define PACKAGE_STRING "mpfi 1.5.4"
| #define PACKAGE_BUGREPORT "mpfi-users@lists.gforge.inria.fr"
| #define PACKAGE_URL "https://gforge.inria.fr/projects/mpfi/"
| #define STDC_HEADERS 1
| #define HAVE_SYS_TYPES_H 1
| #define HAVE_SYS_STAT_H 1
| #define HAVE_STDLIB_H 1
| #define HAVE_STRING_H 1
| #define HAVE_MEMORY_H 1
| #define HAVE_STRINGS_H 1
| #define HAVE_INTTYPES_H 1
| #define HAVE_STDINT_H 1
| #define HAVE_UNISTD_H 1
| #define __EXTENSIONS__ 1
| #define _ALL_SOURCE 1
| #define _GNU_SOURCE 1
| #define _POSIX_PTHREAD_SEMANTICS 1
| #define _TANDEM_SOURCE 1
| #define PACKAGE "mpfi"
| #define VERSION "1.5.4"
| #define HAVE_DLFCN_H 1
| #define LT_OBJDIR ".libs/"
| #define HAVE_FLOAT_H 1
| #define HAVE_LIMITS_H 1
| #define HAVE_STDLIB_H 1
| #define HAVE_STRING_H 1
| #define HAVE_SYS_TIME_H 1
| #define HAVE_UNISTD_H 1
| #define HAVE_STDARG 1
| /* end confdefs.h.  */
| #include <stdio.h>
| #ifdef HAVE_SYS_TYPES_H
| # include <sys/types.h>
| #endif
| #ifdef HAVE_SYS_STAT_H
| # include <sys/stat.h>
| #endif
| #ifdef STDC_HEADERS
| # include <stdlib.h>
| # include <stddef.h>
| #else
| # ifdef HAVE_STDLIB_H
| #  include <stdlib.h>
| # endif
| #endif
| #ifdef HAVE_STRING_H
| # if !defined STDC_HEADERS && defined HAVE_MEMORY_H
| #  include <memory.h>
| # endif
| # include <string.h>
| #endif
| #ifdef HAVE_STRINGS_H
| # include <strings.h>
| #endif
| #ifdef HAVE_INTTYPES_H
| # include <inttypes.h>
| #endif
| #ifdef HAVE_STDINT_H
| # include <stdint.h>
| #endif
| #ifdef HAVE_UNISTD_H
| # include <unistd.h>
| #endif
| int
| main ()
| {
| if (sizeof ((size_t)))
| 	    return 0;
|   ;
|   return 0;
| }
configure:13349: result: yes
configure:13365: checking for dup2
configure:13365: gcc -o conftest -g -O2 -I/usr/local/opt/openssl@1.1/include -L/usr/local/opt/openssl@1.1/lib conftest.c -lmpfr -lgmp  >&5
configure:13365: $? = 0
configure:13365: result: yes
configure:13365: checking for gettimeofday
configure:13365: gcc -o conftest -g -O2 -I/usr/local/opt/openssl@1.1/include -L/usr/local/opt/openssl@1.1/lib conftest.c -lmpfr -lgmp  >&5
configure:13365: $? = 0
configure:13365: result: yes
configure:13377: checking for mpfr_q_sub
configure:13377: gcc -o conftest -g -O2 -I/usr/local/opt/openssl@1.1/include -L/usr/local/opt/openssl@1.1/lib conftest.c -lmpfr -lgmp  >&5
Undefined symbols for architecture x86_64:
  "_mpfr_q_sub", referenced from:
      _main in conftest-e0da3c.o
ld: symbol(s) not found for architecture x86_64
clang: error: linker command failed with exit code 1 (use -v to see invocation)
configure:13377: $? = 1
configure: failed program was:
| /* confdefs.h */
| #define PACKAGE_NAME "mpfi"
| #define PACKAGE_TARNAME "mpfi"
| #define PACKAGE_VERSION "1.5.4"
| #define PACKAGE_STRING "mpfi 1.5.4"
| #define PACKAGE_BUGREPORT "mpfi-users@lists.gforge.inria.fr"
| #define PACKAGE_URL "https://gforge.inria.fr/projects/mpfi/"
| #define STDC_HEADERS 1
| #define HAVE_SYS_TYPES_H 1
| #define HAVE_SYS_STAT_H 1
| #define HAVE_STDLIB_H 1
| #define HAVE_STRING_H 1
| #define HAVE_MEMORY_H 1
| #define HAVE_STRINGS_H 1
| #define HAVE_INTTYPES_H 1
| #define HAVE_STDINT_H 1
| #define HAVE_UNISTD_H 1
| #define __EXTENSIONS__ 1
| #define _ALL_SOURCE 1
| #define _GNU_SOURCE 1
| #define _POSIX_PTHREAD_SEMANTICS 1
| #define _TANDEM_SOURCE 1
| #define PACKAGE "mpfi"
| #define VERSION "1.5.4"
| #define HAVE_DLFCN_H 1
| #define LT_OBJDIR ".libs/"
| #define HAVE_FLOAT_H 1
| #define HAVE_LIMITS_H 1
| #define HAVE_STDLIB_H 1
| #define HAVE_STRING_H 1
| #define HAVE_SYS_TIME_H 1
| #define HAVE_UNISTD_H 1
| #define HAVE_STDARG 1
| #define HAVE_DUP2 1
| #define HAVE_GETTIMEOFDAY 1
| /* end confdefs.h.  */
| /* Define mpfr_q_sub to an innocuous variant, in case <limits.h> declares mpfr_q_sub.
|    For example, HP-UX 11i <limits.h> declares gettimeofday.  */
| #define mpfr_q_sub innocuous_mpfr_q_sub
| 
| /* System header to define __stub macros and hopefully few prototypes,
|     which can conflict with char mpfr_q_sub (); below.
|     Prefer <limits.h> to <assert.h> if __STDC__ is defined, since
|     <limits.h> exists even on freestanding compilers.  */
| 
| #ifdef __STDC__
| # include <limits.h>
| #else
| # include <assert.h>
| #endif
| 
| #undef mpfr_q_sub
| 
| /* Override any GCC internal prototype to avoid an error.
|    Use char because int might match the return type of a GCC
|    builtin and then its argument prototype would still apply.  */
| #ifdef __cplusplus
| extern "C"
| #endif
| char mpfr_q_sub ();
| /* The GNU C library defines this for functions which it implements
|     to always fail with ENOSYS.  Some functions are actually named
|     something starting with __ and the normal name is an alias.  */
| #if defined __stub_mpfr_q_sub || defined __stub___mpfr_q_sub
| choke me
| #endif
| 
| int
| main ()
| {
| return mpfr_q_sub ();
|   ;
|   return 0;
| }
configure:13377: result: no
configure:13377: checking for mpfr_z_sub
configure:13377: gcc -o conftest -g -O2 -I/usr/local/opt/openssl@1.1/include -L/usr/local/opt/openssl@1.1/lib conftest.c -lmpfr -lgmp  >&5
configure:13377: $? = 0
configure:13377: result: yes
configure:13377: checking for mpfr_z_div
configure:13377: gcc -o conftest -g -O2 -I/usr/local/opt/openssl@1.1/include -L/usr/local/opt/openssl@1.1/lib conftest.c -lmpfr -lgmp  >&5
Undefined symbols for architecture x86_64:
  "_mpfr_z_div", referenced from:
      _main in conftest-729185.o
ld: symbol(s) not found for architecture x86_64
clang: error: linker command failed with exit code 1 (use -v to see invocation)
configure:13377: $? = 1
configure: failed program was:
| /* confdefs.h */
| #define PACKAGE_NAME "mpfi"
| #define PACKAGE_TARNAME "mpfi"
| #define PACKAGE_VERSION "1.5.4"
| #define PACKAGE_STRING "mpfi 1.5.4"
| #define PACKAGE_BUGREPORT "mpfi-users@lists.gforge.inria.fr"
| #define PACKAGE_URL "https://gforge.inria.fr/projects/mpfi/"
| #define STDC_HEADERS 1
| #define HAVE_SYS_TYPES_H 1
| #define HAVE_SYS_STAT_H 1
| #define HAVE_STDLIB_H 1
| #define HAVE_STRING_H 1
| #define HAVE_MEMORY_H 1
| #define HAVE_STRINGS_H 1
| #define HAVE_INTTYPES_H 1
| #define HAVE_STDINT_H 1
| #define HAVE_UNISTD_H 1
| #define __EXTENSIONS__ 1
| #define _ALL_SOURCE 1
| #define _GNU_SOURCE 1
| #define _POSIX_PTHREAD_SEMANTICS 1
| #define _TANDEM_SOURCE 1
| #define PACKAGE "mpfi"
| #define VERSION "1.5.4"
| #define HAVE_DLFCN_H 1
| #define LT_OBJDIR ".libs/"
| #define HAVE_FLOAT_H 1
| #define HAVE_LIMITS_H 1
| #define HAVE_STDLIB_H 1
| #define HAVE_STRING_H 1
| #define HAVE_SYS_TIME_H 1
| #define HAVE_UNISTD_H 1
| #define HAVE_STDARG 1
| #define HAVE_DUP2 1
| #define HAVE_GETTIMEOFDAY 1
| #define HAVE_MPFR_Z_SUB 1
| /* end confdefs.h.  */
| /* Define mpfr_z_div to an innocuous variant, in case <limits.h> declares mpfr_z_div.
|    For example, HP-UX 11i <limits.h> declares gettimeofday.  */
| #define mpfr_z_div innocuous_mpfr_z_div
| 
| /* System header to define __stub macros and hopefully few prototypes,
|     which can conflict with char mpfr_z_div (); below.
|     Prefer <limits.h> to <assert.h> if __STDC__ is defined, since
|     <limits.h> exists even on freestanding compilers.  */
| 
| #ifdef __STDC__
| # include <limits.h>
| #else
| # include <assert.h>
| #endif
| 
| #undef mpfr_z_div
| 
| /* Override any GCC internal prototype to avoid an error.
|    Use char because int might match the return type of a GCC
|    builtin and then its argument prototype would still apply.  */
| #ifdef __cplusplus
| extern "C"
| #endif
| char mpfr_z_div ();
| /* The GNU C library defines this for functions which it implements
|     to always fail with ENOSYS.  Some functions are actually named
|     something starting with __ and the normal name is an alias.  */
| #if defined __stub_mpfr_z_div || defined __stub___mpfr_z_div
| choke me
| #endif
| 
| int
| main ()
| {
| return mpfr_z_div ();
|   ;
|   return 0;
| }
configure:13377: result: no
configure:13505: checking that generated files are newer than configure
configure:13511: result: done
configure:13538: creating ./config.status

## ---------------------- ##
## Running config.status. ##
## ---------------------- ##

This file was extended by mpfi config.status 1.5.4, which was
generated by GNU Autoconf 2.69.  Invocation command line was

  CONFIG_FILES    = 
  CONFIG_HEADERS  = 
  CONFIG_LINKS    = 
  CONFIG_COMMANDS = 
  $ ./config.status 

on biberdeMacBook-Pro.local

config.status:1102: creating Makefile
config.status:1102: creating doc/Makefile
config.status:1102: creating src/Makefile
config.status:1102: creating tests/Makefile
config.status:1102: creating mpfi_config.h
config.status:1331: executing depfiles commands
config.status:1408: cd src       && sed -e '/# am--include-marker/d' Makefile         | make -f - am--depfiles
config.status:1413: $? = 0
config.status:1408: cd tests       && sed -e '/# am--include-marker/d' Makefile         | make -f - am--depfiles
config.status:1413: $? = 0
config.status:1331: executing libtool commands

## ---------------- ##
## Cache variables. ##
## ---------------- ##

ac_cv_build=x86_64-apple-darwin20.5.0
ac_cv_c_compiler_gnu=yes
ac_cv_env_CC_set=
ac_cv_env_CC_value=
ac_cv_env_CFLAGS_set=
ac_cv_env_CFLAGS_value=
ac_cv_env_CPPFLAGS_set=set
ac_cv_env_CPPFLAGS_value=-I/usr/local/opt/openssl@1.1/include
ac_cv_env_CPP_set=
ac_cv_env_CPP_value=
ac_cv_env_LDFLAGS_set=set
ac_cv_env_LDFLAGS_value=-L/usr/local/opt/openssl@1.1/lib
ac_cv_env_LIBS_set=
ac_cv_env_LIBS_value=
ac_cv_env_LT_SYS_LIBRARY_PATH_set=
ac_cv_env_LT_SYS_LIBRARY_PATH_value=
ac_cv_env_build_alias_set=
ac_cv_env_build_alias_value=
ac_cv_env_host_alias_set=
ac_cv_env_host_alias_value=
ac_cv_env_target_alias_set=
ac_cv_env_target_alias_value=
ac_cv_func_dup2=yes
ac_cv_func_gettimeofday=yes
ac_cv_func_mpfr_q_sub=no
ac_cv_func_mpfr_z_div=no
ac_cv_func_mpfr_z_sub=yes
ac_cv_header_dlfcn_h=yes
ac_cv_header_float_h=yes
ac_cv_header_inttypes_h=yes
ac_cv_header_limits_h=yes
ac_cv_header_memory_h=yes
ac_cv_header_minix_config_h=no
ac_cv_header_stdarg_h=yes
ac_cv_header_stdc=yes
ac_cv_header_stdint_h=yes
ac_cv_header_stdlib_h=yes
ac_cv_header_string_h=yes
ac_cv_header_strings_h=yes
ac_cv_header_sys_stat_h=yes
ac_cv_header_sys_time_h=yes
ac_cv_header_sys_types_h=yes
ac_cv_header_unistd_h=yes
ac_cv_host=x86_64-apple-darwin20.5.0
ac_cv_lib_gmp___gmpz_init=yes
ac_cv_lib_mpfr_mpfr_init=yes
ac_cv_objext=o
ac_cv_path_EGREP='/usr/bin/grep -E'
ac_cv_path_FGREP='/usr/bin/grep -F'
ac_cv_path_GREP=/usr/bin/grep
ac_cv_path_SED=/usr/bin/sed
ac_cv_path_install='/usr/bin/install -c'
ac_cv_path_lt_DD=/bin/dd
ac_cv_prog_AWK=awk
ac_cv_prog_CPP='gcc -E'
ac_cv_prog_ac_ct_AR=ar
ac_cv_prog_ac_ct_CC=gcc
ac_cv_prog_ac_ct_DSYMUTIL=dsymutil
ac_cv_prog_ac_ct_LIPO=lipo
ac_cv_prog_ac_ct_NMEDIT=nmedit
ac_cv_prog_ac_ct_OBJDUMP=objdump
ac_cv_prog_ac_ct_OTOOL=otool
ac_cv_prog_ac_ct_RANLIB=ranlib
ac_cv_prog_ac_ct_STRIP=strip
ac_cv_prog_cc_c89=
ac_cv_prog_cc_g=yes
ac_cv_prog_make_make_set=yes
ac_cv_safe_to_define___extensions__=yes
ac_cv_type_size_t=yes
am_cv_CC_dependencies_compiler_type=gcc3
am_cv_ar_interface=ar
am_cv_make_support_nested_variables=yes
am_cv_prog_cc_c_o=yes
lt_cv_apple_cc_single_mod=yes
lt_cv_ar_at_file=no
lt_cv_deplibs_check_method=pass_all
lt_cv_file_magic_cmd='$MAGIC_CMD'
lt_cv_file_magic_test_file=
lt_cv_ld_exported_symbols_list=yes
lt_cv_ld_force_load=yes
lt_cv_ld_reload_flag=-r
lt_cv_nm_interface='BSD nm'
lt_cv_objdir=.libs
lt_cv_path_LD=/Applications/Xcode.app/Contents/Developer/Toolchains/XcodeDefault.xctoolchain/usr/bin/ld
lt_cv_path_NM='/usr/bin/nm -B'
lt_cv_path_mainfest_tool=no
lt_cv_prog_compiler_c_o=yes
lt_cv_prog_compiler_pic='-fno-common -DPIC'
lt_cv_prog_compiler_pic_works=yes
lt_cv_prog_compiler_rtti_exceptions=yes
lt_cv_prog_compiler_static_works=no
lt_cv_prog_gnu_ld=no
lt_cv_sharedlib_from_linklib_cmd='printf %s\n'
lt_cv_sys_global_symbol_pipe='sed -n -e '\''s/^.*[	 ]\([BCDEGRST][BCDEGRST]*\)[	 ][	 ]*_\([_A-Za-z][_A-Za-z0-9]*\)$/\1 _\2 \2/p'\'' | sed '\''/ __gnu_lto/d'\'''
lt_cv_sys_global_symbol_to_c_name_address='sed -n -e '\''s/^: \(.*\) .*$/  {"\1", (void *) 0},/p'\'' -e '\''s/^[BCDEGRST][BCDEGRST]* .* \(.*\)$/  {"\1", (void *) \&\1},/p'\'''
lt_cv_sys_global_symbol_to_c_name_address_lib_prefix='sed -n -e '\''s/^: \(.*\) .*$/  {"\1", (void *) 0},/p'\'' -e '\''s/^[BCDEGRST][BCDEGRST]* .* \(lib.*\)$/  {"\1", (void *) \&\1},/p'\'' -e '\''s/^[BCDEGRST][BCDEGRST]* .* \(.*\)$/  {"lib\1", (void *) \&\1},/p'\'''
lt_cv_sys_global_symbol_to_cdecl='sed -n -e '\''s/^T .* \(.*\)$/extern int \1();/p'\'' -e '\''s/^[BCDEGRST][BCDEGRST]* .* \(.*\)$/extern char \1;/p'\'''
lt_cv_sys_global_symbol_to_import=
lt_cv_sys_max_cmd_len=786432
lt_cv_to_host_file_cmd=func_convert_file_noop
lt_cv_to_tool_file_cmd=func_convert_file_noop
lt_cv_truncate_bin='/bin/dd bs=4096 count=1'

## ----------------- ##
## Output variables. ##
## ----------------- ##

ACLOCAL='${SHELL} /Users/biber/RP-OCAML/mpfi-1.5.4/build-aux/missing aclocal-1.16'
AMDEPBACKSLASH='\'
AMDEP_FALSE='#'
AMDEP_TRUE=''
AMTAR='$${TAR-tar}'
AM_BACKSLASH='\'
AM_DEFAULT_V='$(AM_DEFAULT_VERBOSITY)'
AM_DEFAULT_VERBOSITY='1'
AM_V='$(V)'
AR='ar'
AUTOCONF='${SHELL} /Users/biber/RP-OCAML/mpfi-1.5.4/build-aux/missing autoconf'
AUTOHEADER='${SHELL} /Users/biber/RP-OCAML/mpfi-1.5.4/build-aux/missing autoheader'
AUTOMAKE='${SHELL} /Users/biber/RP-OCAML/mpfi-1.5.4/build-aux/missing automake-1.16'
AWK='awk'
CC='gcc'
CCDEPMODE='depmode=gcc3'
CFLAGS='-g -O2'
CPP='gcc -E'
CPPFLAGS='-I/usr/local/opt/openssl@1.1/include'
CYGPATH_W='echo'
DEFS='-DHAVE_CONFIG_H'
DEPDIR='.deps'
DLLTOOL='false'
DSYMUTIL='dsymutil'
DUMPBIN=''
ECHO_C='\c'
ECHO_N=''
ECHO_T=''
EGREP='/usr/bin/grep -E'
EXEEXT=''
FGREP='/usr/bin/grep -F'
GREP='/usr/bin/grep'
INSTALL_DATA='${INSTALL} -m 644'
INSTALL_PROGRAM='${INSTALL}'
INSTALL_SCRIPT='${INSTALL}'
INSTALL_STRIP_PROGRAM='$(install_sh) -c -s'
LD='/Applications/Xcode.app/Contents/Developer/Toolchains/XcodeDefault.xctoolchain/usr/bin/ld'
LDFLAGS='-L/usr/local/opt/openssl@1.1/lib'
LIBOBJS=''
LIBS='-lmpfr -lgmp '
LIBTOOL='$(SHELL) $(top_builddir)/libtool'
LIPO='lipo'
LN_S='ln -s'
LTLIBOBJS=''
LT_SYS_LIBRARY_PATH=''
MAINT='#'
MAINTAINER_MODE_FALSE=''
MAINTAINER_MODE_TRUE='#'
MAKEINFO='${SHELL} /Users/biber/RP-OCAML/mpfi-1.5.4/build-aux/missing makeinfo'
MANIFEST_TOOL=':'
MKDIR_P='build-aux/install-sh -c -d'
NM='/usr/bin/nm -B'
NMEDIT='nmedit'
OBJDUMP='objdump'
OBJEXT='o'
OTOOL64=':'
OTOOL='otool'
PACKAGE='mpfi'
PACKAGE_BUGREPORT='mpfi-users@lists.gforge.inria.fr'
PACKAGE_NAME='mpfi'
PACKAGE_STRING='mpfi 1.5.4'
PACKAGE_TARNAME='mpfi'
PACKAGE_URL='https://gforge.inria.fr/projects/mpfi/'
PACKAGE_VERSION='1.5.4'
PATH_SEPARATOR=':'
RANLIB='ranlib'
SED='/usr/bin/sed'
SET_MAKE=''
SHELL='/bin/sh'
STRIP='strip'
VERSION='1.5.4'
ac_ct_AR='ar'
ac_ct_CC='gcc'
ac_ct_DUMPBIN=''
am__EXEEXT_FALSE=''
am__EXEEXT_TRUE='#'
am__fastdepCC_FALSE='#'
am__fastdepCC_TRUE=''
am__include='include'
am__isrc=''
am__leading_dot='.'
am__nodep='_no'
am__quote=''
am__tar='$${TAR-tar} chof - "$$tardir"'
am__untar='$${TAR-tar} xf -'
bindir='${exec_prefix}/bin'
build='x86_64-apple-darwin20.5.0'
build_alias=''
build_cpu='x86_64'
build_os='darwin20.5.0'
build_vendor='apple'
datadir='${datarootdir}'
datarootdir='${prefix}/share'
docdir='${datarootdir}/doc/${PACKAGE_TARNAME}'
dvidir='${docdir}'
exec_prefix='${prefix}'
host='x86_64-apple-darwin20.5.0'
host_alias=''
host_cpu='x86_64'
host_os='darwin20.5.0'
host_vendor='apple'
htmldir='${docdir}'
includedir='${prefix}/include'
infodir='${datarootdir}/info'
install_sh='${SHELL} /Users/biber/RP-OCAML/mpfi-1.5.4/build-aux/install-sh'
libdir='${exec_prefix}/lib'
libexecdir='${exec_prefix}/libexec'
localedir='${datarootdir}/locale'
localstatedir='${prefix}/var'
mandir='${datarootdir}/man'
mkdir_p='$(MKDIR_P)'
oldincludedir='/usr/include'
pdfdir='${docdir}'
prefix='/usr/local'
program_transform_name='s,x,x,'
psdir='${docdir}'
sbindir='${exec_prefix}/sbin'
sharedstatedir='${prefix}/com'
sysconfdir='${prefix}/etc'
target_alias=''

## ----------- ##
## confdefs.h. ##
## ----------- ##

/* confdefs.h */
#define PACKAGE_NAME "mpfi"
#define PACKAGE_TARNAME "mpfi"
#define PACKAGE_VERSION "1.5.4"
#define PACKAGE_STRING "mpfi 1.5.4"
#define PACKAGE_BUGREPORT "mpfi-users@lists.gforge.inria.fr"
#define PACKAGE_URL "https://gforge.inria.fr/projects/mpfi/"
#define STDC_HEADERS 1
#define HAVE_SYS_TYPES_H 1
#define HAVE_SYS_STAT_H 1
#define HAVE_STDLIB_H 1
#define HAVE_STRING_H 1
#define HAVE_MEMORY_H 1
#define HAVE_STRINGS_H 1
#define HAVE_INTTYPES_H 1
#define HAVE_STDINT_H 1
#define HAVE_UNISTD_H 1
#define __EXTENSIONS__ 1
#define _ALL_SOURCE 1
#define _GNU_SOURCE 1
#define _POSIX_PTHREAD_SEMANTICS 1
#define _TANDEM_SOURCE 1
#define PACKAGE "mpfi"
#define VERSION "1.5.4"
#define HAVE_DLFCN_H 1
#define LT_OBJDIR ".libs/"
#define HAVE_FLOAT_H 1
#define HAVE_LIMITS_H 1
#define HAVE_STDLIB_H 1
#define HAVE_STRING_H 1
#define HAVE_SYS_TIME_H 1
#define HAVE_UNISTD_H 1
#define HAVE_STDARG 1
#define HAVE_DUP2 1
#define HAVE_GETTIMEOFDAY 1
#define HAVE_MPFR_Z_SUB 1

configure: exit 0
